<?xml version="1.0" encoding="UTF-8"?>
<testng-results skipped="0" failed="0" ignored="0" total="3" passed="3">
  <reporter-output>
  </reporter-output>
  <suite name="Default suite" duration-ms="65129" started-at="2019-07-19T12:48:53Z" finished-at="2019-07-19T12:49:58Z">
    <groups>
    </groups>
    <test name="Default test" duration-ms="65129" started-at="2019-07-19T12:48:53Z" finished-at="2019-07-19T12:49:58Z">
      <class name="java_sel.Broken_links">
        <test-method status="PASS" signature="setup()[pri:0, instance:java_sel.Broken_links@5419f379]" name="setup" is-config="true" duration-ms="12370" started-at="2019-07-19T12:48:53Z" finished-at="2019-07-19T12:49:05Z">
          <reporter-output>
          </reporter-output>
        </test-method> <!-- setup -->
        <test-method status="PASS" signature="link_count()[pri:0, instance:java_sel.Broken_links@5419f379]" name="link_count" duration-ms="70" started-at="2019-07-19T12:49:05Z" finished-at="2019-07-19T12:49:05Z">
          <reporter-output>
          </reporter-output>
        </test-method> <!-- link_count -->
        <test-method status="PASS" signature="avoid_null()[pri:1, instance:java_sel.Broken_links@5419f379]" name="avoid_null" duration-ms="1525" started-at="2019-07-19T12:49:05Z" finished-at="2019-07-19T12:49:07Z">
          <reporter-output>
          </reporter-output>
        </test-method> <!-- avoid_null -->
        <test-method status="PASS" signature="ckeck_connection()[pri:2, instance:java_sel.Broken_links@5419f379]" name="ckeck_connection" duration-ms="48788" started-at="2019-07-19T12:49:07Z" finished-at="2019-07-19T12:49:56Z">
          <reporter-output>
          </reporter-output>
        </test-method> <!-- ckeck_connection -->
        <test-method status="PASS" signature="teardown()[pri:0, instance:java_sel.Broken_links@5419f379]" name="teardown" is-config="true" duration-ms="2344" started-at="2019-07-19T12:49:56Z" finished-at="2019-07-19T12:49:58Z">
          <reporter-output>
          </reporter-output>
        </test-method> <!-- teardown -->
      </class> <!-- java_sel.Broken_links -->
    </test> <!-- Default test -->
  </suite> <!-- Default suite -->
</testng-results>
