<?xml version="1.0" encoding="UTF-8"?>
<testng-results skipped="0" failed="0" ignored="0" total="1" passed="1">
  <reporter-output>
  </reporter-output>
  <suite name="Suite" duration-ms="32378" started-at="2019-09-23T10:23:10Z" finished-at="2019-09-23T10:23:43Z">
    <groups>
    </groups>
    <test name="Test" duration-ms="32378" started-at="2019-09-23T10:23:10Z" finished-at="2019-09-23T10:23:43Z">
      <class name="selenium.TestNGTests">
        <test-method status="PASS" signature="yahooLoginTest(java.lang.String, java.lang.String)[pri:0, instance:selenium.TestNGTests@475530b9]" name="yahooLoginTest" duration-ms="32245" started-at="2019-09-23T10:23:10Z" finished-at="2019-09-23T10:23:43Z">
          <params>
            <param index="0">
              <value>
                <![CDATA[https://login.yahoo.com/]]>
              </value>
            </param>
            <param index="1">
              <value>
                <![CDATA[agrawalnitin_12]]>
              </value>
            </param>
          </params>
          <reporter-output>
          </reporter-output>
        </test-method> <!-- yahooLoginTest -->
      </class> <!-- selenium.TestNGTests -->
    </test> <!-- Test -->
  </suite> <!-- Suite -->
</testng-results>
